4-volcano-high-school
8-secret-garden
16-smile
17-bloody-monday-season-2
24-full-house
73-my-girl
76-bad-guy
77-mr-brain
78-100-days-with-mr-arrogant
94-code-blue-season-2
99-hidarime-tantei-eye
118-iljimae
119-hong-gil-dong
122-real-clothes
127-nodame-cantabile-the-final-score---part-i
137-the-slave-hunters
179-seducing-mr-perfect
186-0-goshitsu-no-kyaku
197-together
201-big-thing
206-ms-kims-million-dollar-quest
214-nodame-cantabile-the-final-score---part-ii
229-furin-kazan
260-bijo-ka-yajuu
271-meteor-garden-ii
276-minami-kun-no-koibito
280-spec-birth
282-war-of-the-roses
288-49-days
305-first-kiss
318-life-is-beautiful
319-dr-champ
331-your-fingertips
353-the-clue
360-cruel-love
380-the-last-princess
384-mw
386-sora-kara-furu-ichioku-no-hoshi
394-lady---saigo-no-hanzai-profile
400-battery
402-return-of-the-condor-heroes
403-the-legend-of-the-condor-heroes
407-attack-no1
417-fly-daddy-fly
421-lost-and-found
428-zatoichi
431-ps-man
440-the-classic
443-puzzle
461-qed
468-returner
475-negative-happy-chainsaw-edge
479-the-prince-of-tennis
484-yume-wo-kanaeru-zo
487-chinese-paladin-season-3
488-18-vs-29
493-who-are-you
518-cromartie-high---the-movie
519-ing
544-grave-of-the-fireflies
548-one-missed-call
550-hit
551-ko3an-guo
556-honey-and-clover
562-akihabaradeep
588-change
616-ppoi
624-ju-on-black-ghost
633-ju-on-white-ghost
635-late-autumn
639-why-did-you-come-to-my-house
645-my-lucky-star
663-oyaji
672-kaiki-dai-kazoku
691-maundy-thursday
732-psychometrer-eiji-season-2
736-gou---himetachi-no-sengoku
750-the-prince-who-turns-into-a-frog
763-eu-emergency-unit
780-wedding-dress
783-sands-chronicle
799-glass-mask-season-2
804-sky-high
808-school
812-lavender
838-control---hanzai-shinri-sousa
842-honboshi---shinri-tokuso-jikenbo
843-kokuhatsu---kokusen-bengonin
846-akutou---juuhanzai-sousahan
851-kao-shakking-unmei-no-hoshu
878-shinsengumi
880-shomuni-season-2
882-drift---gtr
895-700-days-of-battle-us-vs-the-police
896-hearty-paws-1
901-home-sweet-home
903-iron-monkey-1
904-a-long-visit
924-my-dear-desperado
940-fight-back-to-school-1
944-hometown-legends
953-sera-fuku-to-kikanju
966-hotelier
980-love-letter
983-die
993-sympathy-for-mr-vengeance
1003-cinderella
1011-short-time
1024-breathless
1034-marathon
1062-triangle
1069-lovers
1120-drama-city-anagram
1138-happiness
1141-hello-franceska-season-3
1177-nonstop-season-4
1260-marrying-the-mafia-ii-enemy-in-law
1264-my-love
1275-tidal-wave
1297-good-life---arigatou-papa-sayonara
1354-my-sister-my-love
1368-fall-in-love
1419-hero
1452-first-love
1472-taiho-shichauzo
1489-the-switch
1497-fantome-ou-es-tu
1512-change
1519-finding-mr-destiny
1770-hanazakari-no-kimitachi-e-special
1798-my-love-by-my-side
1868-children
1967-nanase-futatabi
2006-kudo-shinichi-e-no-chousenjou---kaichou-densetsu-no-nazo
2010-yesterday
2014-dont-go-breaking-my-heart-1
2018-punch
2021-mr-idol
2025-the-egoists
2033-leave-it-to-the-nurses-the-movie
2037-sorry-thank-you
2044-arakawa-under-the-bridge
2069-mobile-detective-the-movie-3
2075-boys-love-the-movie
2088-13-assassins
2096-forensic-heroes-season-2
2097-die-again
2102-swan-no-baka-kozukai-3-manen-no-koi
2107-silenced
2127-deborah-is-my-rival
2146-heaven-can-wait-maybe
2150-sadness-in-beauty
2151-mr-wacky
2157-romance
2160-thirteen-steps
2189-a-better-tomorrow
2205-hana-yori-dango-2-returns-bangai-hen-makinoke-hajimete-no-kazoku-ryoko-in-ny
2212-asu-no-hikari-wo-tsukame-season-2
2216-aejas-older-sister-minja
2220-the-butterfly-lovers
2225-koibumi---watashitachi-ga-aishita-otoko
2232-burning-flame-season-3
2253-puzzle
2255-mr-socrates
2258-feel-the-wind
2274-jump
2313-dr-gang
2315-deep-love-ayus-story
2335-moms-dead-upset
2351-emergency-room-24-hours-season-3
2353-emergency-room-24-hours-season-2
2354-emergency-room-24-hours-season-4
2362-yaoh---king-of-the-night
2383-the-righteous-thief
2390-drama-special-season-2-yeongdeok-womens-wrestling-team
2395-the-equation-of-love-and-death
2397-tazza-1-the-high-rollers
2428-sinking-of-japan
2435-vampire-girl-vs-frankenstein-girl
2452-into-the-storm
2456-perfect-love
2457-dr-koto-shinryojo
2459-hoshi-ni-negai-wo-nanajoma-de-umareta-410-man-no-hoshi
2463-mr-and-mrs-incredible
2488-because-of-you
2503-hyoten
2519-drama-city-fog-street
2522-premonition
2529-the-legend-of-the-condor-heroes
2553-honjitsu-mo-hare-ijo-nashi
2562-17-sai-tabidachi-no-futari
2586-the-twins-effect-1
2589-drama-special-season-2-hwapyeong-princesss-weight-loss
2591-the-princesss-man
2601-the-monkey-king-1-havoc-in-heavens-palace
2614-journey-to-the-west-season-2
2618-angel
2629-mr-inukai-keeps-a-dog
2633-journey-to-the-west
2634-spring-summer-autumn-winter-and-spring
2639-mr-tree
2652-drunken-master-1
2656-project-a-1
2665-infernal-affairs-3
2666-infernal-affairs-2
2671-rosy-business-season-2-no-regrets
2675-all-about-love
2679-armour-of-god-1
2680-project-a-2
2683-armour-of-god-2-operation-condor
2694-asunaro-hakusho
2701-sky-high
2712-our-schools-et
2722-teketeke
2723-zettai-reido-special
2724-zettai-reido-season-2
2726-pain
2729-team-batista-season-3-ariadne-no-dangan
2739-heavens-coin-season-2
2740-shin-hoshi-no-kinka
2741-spiral
2751-is---otoko-demo-onna-demo-nai-sei
2755-piece-vote--tohyo-no-kakera-
2764-miss-staff-sergeant
2767-sunflower
2783-beautiful-love-if-youre-here
2785-tree-with-deep-roots
2806-letter-from-an-unknown-woman
2814-drama-special-season-2-cupid-factory
2816-overheard-1
2818-just-call-me-nobody-1
2821-mr-duke
2849-hikari-to-tomo-ni-jiheishou-ji-wo-kakaete
2862-deka-wanko-special
2868-truth
2892-your-friends
2915-fighting-spirit
2935-drama-special-season-2-that-man-is-there
2939-the-heaven-sword-and-dragon-saber
2979-11-nin-mo-iru
2981-runaway---aisuru-kimi-no-tame-ni
2991-drama-special-season-2-daughters-of-bilitis-club
2999-hunter---sono-onnatachi-shoukin-kasegi
3000-last-money---ai-no-nedan
3004-aishiteru---kizuna
3007-unfair-the-special---daburu-miningu-niju-teig
3010-kage-no-gundan
3013-missing
3079-moon-embracing-the-sun
3179-chushingura---sono-gi-sono-ai
3198-papa
3296-ikiru
3311-wars-of-in-laws-season-2
3425-suteki-na-kakushidori---kanzen-muketsu-no-concierge
3442-late-autumn
3495-utahime
3552-tomie-the-final-chapter---forbidden-fruit
3601-the-champion
3642-3-nen-b-gumi-kinpachi-sensei-season-7
3654-phoenix-wears-peony
3673-i-carry-a-ticket-of-eternity
3677-last-present
3751-epitaph
3765-the-magic-blade
3813-i-need-romance-season-2
3820-secret
3878-kamen-rider-decade-all-riders-vs-dai-shocker
3890-mr-3-minutes
3938-w-no-higeki
3957-answer---keishichou-kenshou-sousakan
3986-the-concubine
3998-liar-game-reborn-special---fukunaga-vs-yokoya
4004-old-miss-diary
4007-ghetto-justice-season-2
4034-duet
4039-mother
4061-ushijima-the-loan-shark-1
4068-tenchi-the-samurai-astronomer
4087-hatsukoi
4104-blackboard---jidai-to-tatakatta-kyoshi-tachi
4110-spec-life
4164-kodoku-no-gourmet
4170-strawberry-night
4190-a-pillow-case-of-mystery-season-2
4198-just-love-season-2
4202-4-horror-tales-29-february
4207-the-gentle-crackdown-season-2
4211-ten-brothers
4222-dark-tales-season-2
4224-painted-skin
4244-the-chaser
4274-detective-tang-lang
4275-the-garden-of-heaven
4283-triumph-in-the-skies-season-2
4309-honto-ni-atta-kowai-hanashi-spring-special-2003
4318-quartet
4336-strange-stories-from-liao-zhai
4342-hitotsu-yane-no-shita
4358-boy
4384-someday
4396-the-guard-post
4402-drama-special-season-2-linger
4440-mr-canton-and-lady-rose
4446-the-prince-of-temple-street
4447-royal-tramp-1
4474-empresses-in-the-palace
4477-a-chinese-odyssey-pandoras-box
4496-my-sassy-girl
4504-burning-flame-season-2
4517-miracle-in-cell-no-7
4527-ill-show-you-the-taste
4539-keizoku-beautiful-dreamer
4548-drama-special-season-3-swamp-ecology-report
4554-run60--game-over-
4564-sengoku-basara
4567-the-gingko-bed-2
4584-nemureru-mori-no-jukujo
4591-to-my-beloved
4613-gto-remake
4628-iryu-sousa-season-2
4660-drama-special-season-3-dont-worry-its-a-ghost
4674-kurokawa-no-techo-special-shiroi-yami
4675-4-horror-tales-roommates
4681-pretty-guardian-sailor-moon-special-act
4696-souri-to-yobanaide
4700-fujiko-f-fujio-no-parallel-space
4707-kazoku-kashimasu---family-complex
4715-boys-on-the-run
4724-uchuu-keiji-gavan
4739-white-lies
4769-strange-stories-from-liao-zhai-season-2
4770-strange-stories-from-liao-zhai-season-3
4775-drama-special-season-3-butcher-barber
4798-hiroshima-showa-nijuunen-hachigatsu-muika
4820-family-portrait
4826-antarctica
4841-godzilla-vs-mothra
4908-godzilla-vs-gigan
4909-godzilla-vs-megalon
4919-godzilla-vs-king-ghidorah
4921-godzilla-vs-mechagodzilla
4922-godzilla-vs-spacegodzilla
4936-godzilla-x-mothra-x-mechagodzilla-tokyo-sos
4954-traffickers
4962-mothra
4974-eiga-suzuki-sensei
4994-kasouken-no-onna
5083-love-eros
5090-gamera-vs-gyaos
5094-gamera-vs-jiger
5098-gamera-vs-zigra
5118-drama-special-season-3-rememory
5142-drama-special-season-2-men-cry
5176-meet-the-in-laws
5261-kamen-rider-w-returns-kamen-rider-accel
5289-submersion-of-japan
5308-high-school-opera-company---mens-team
5340-watashi-to-kare-to-oshaberi-kuruma
5395-sharp-season-3
5407-mrs-town
5459-style
5491-drama-special-season-2-the-woman-from-the-olle-road
5522-drama-special-season-3-gate-of-non-duality
5636-yo-nimo-kimyou-na-monogatari-2001-smap-special
5640-a-great-way-to-care-season-2
5655-the-ballad-of-narayama
5675-national-security
5691-tonbi
5700-biyo-shonen-celebrity
5719-tokyo-story
5734-school-teachers
5766-the-family
5800-bed
5875-you-belong-here
5893-the-scarlet-letter
5926-bara-no-konrei---mayonaka-ni-kawashita-yakusoku
5934-futari-ecchi
6007-summer-time
6022-shinryouchuu--in-the-room-
6023-i-am
6025-kimi-ga-oshiete-kureta-koto
6043-drama-special-season-3-the-wedding-planner
6055-triad
6068-kazoku-game
6078-together
6083-tensou-sentai-goseiger-vs-shinkenger-epic-on-ginmaku
6104-yo-nimo-kimyou-na-monogatari-2008-spring-special
6111-ring---saishushou
6113-dr-koto-shinryojo-2006
6114-strawberry-night-after-the-invisible-rain---special
6134-3-nen-b-gumi-kinpachi-sensei-season-3
6150-yo-nimo-kimyou-na-monogatari-2005-spring-special
6155-tomorrow
6157-eko-eko-azarak-3
6170-drama-special-season-3-mellow-in-may
6177-aruku-aruku-aruku-shikoku-henro-do
6180-piece---fragments-of-a-memory
6201-ultraman-zearth-2-superman-big-battle---light-and-shadow
6204-finding-mr-right
6231-onmyoji-ii
6235-oboreru-sakana
6303-tokusou-sentai-dekaranger-vs-abaranger
6311-first-love
6314-mahou-sentai-magiranger-vs-dekaranger
6316-young-justice-bao-season-2
6317-gogo-sentai-boukenger-vs-super-sentai
6323-shaolin-popey-1
6325-shaolin-popey-2-messy-temple
6344-samurai-sentai-shinkenger-vs-go-onger-ginmakubang
6349-in-between
6355-the-demi-gods-and-semi-devils
6368-detective-investigation-files-season-4
6448-fong-sai-yuk-2
6477-ip-man
6485-tiger-cage-1
6492-five-disciples-of-master-wong
6499-spl-1-sha-po-lang
6500-the-condor-heroes-95
6508-young-justice-bao-season-3
6519-happy-together
6522-crouching-tiger-hidden-dragon
6547-miss-boys---yuujo-no-yukue
6567-aji-ichimonme
6578-vengeance
6628-aibou-the-movie-1
6649-balala-the-fairies-the-movie
6655-engimono-unlucky-days---natsume-no-mousou
6685-my-date-with-a-vampire-season-3
6696-running-out-of-time-1
6710-god-of-gamblers-3-back-to-shanghai
6718-a-tale-of-two-sisters
6730-galileo-season-2
6742-drama-special-season-4-the-memory-in-my-old-wallet
6751-the-reason
6755-paji---jijii-to-magomusume-no-aijo-monogatari
6791-gekiryu---watashi-wo-oboete-imasuka
6797-yakuza-ladies-neo
6823-love-is-pyjamas
6830-bakumatsu-kitan-shinsen-5---kengo-korin
6848-dai-ni-gakusho
6856-tokyo-refugees
6865-born-to-sing
6869-the-return-of-the-condor-heroes
6884-dr-mack
6887-reincarnated-season-2
6918-hero---beyond-the-boundary-of-time
6920-brothers
6934-starman---this-stars-love
6942-cheer-up-mr-lee
6944-mr-go
6946-the-sacrifice-dilemma---above
6947-kotatso-orange-and-meow
6973-no3
6991-perfect-education-2-40-days-of-love
7010-love-sos
7185-shomuni-season-4
7282-m
7314-aibou-the-movie-3
7389-master-swordsman-lu-xiao-feng-season-2
7398-my-love-from-the-star
7413-spec-close---reincarnation
7636-a-friend-in-need
7662-ad-girl-things-she-must-do-tomorrow
7708-innocent-thing
7781-jiken-kyumeii---imat-no-kiseki
7785-forever-love
7822-ninpuu-sentai-hurricaneger-vs-gaoranger
7890-kiseki-no-doubutsuen
7904-kiseki-no-doubutsuen
7909-drama-special-season-4-the-strange-cohabitation
7942-ando-lloyd---ai-knows-love
7951-yo-nimo-kimyou-na-monogatari-2012-fall-special
7974-doctor-x-season-2
7988-drama-special-season-4-your-noir
8003-love-in-time
8007-unbeatable
8045-nazotoki-wa-dinner-no-ato-de-sp---kazamatsuri-keibu-no-jikenbo
8052-tokyo-yamimushi-part-1
8080-detective-investigation-files-season-2
8160-the-white-storm-1
8178-invitation
8196-drama-special-season-4-yeonus-summer
8261-love-is-not-blind
8305-1125-the-day-he-chose-his-own-fate
8348-drama-special-season-2-duet
8352-fearless-hyena-1
8396-kimi-no-tame-ni-dekiru-koto
8425-drama-special-season-2-my-wife-disappeared
8434-drama-festival-2013-principal-investigator---save-wang-jo-hyeon
8509-tokumei-sentai-go-busters-vs-beet-buster-vs-j
8528-latte
8633-bakumatsu-kitan-shinsen-5-ni---fuun-igagoe
8641-nemuri-kyoshiro-1-sappocho
8645-nemuri-kyoshiro-5-enjo-ken
8649-nemuri-kyoshiro-9-burai-hikae-masho-no-hada
8675-justice-bao
8694-justice-sung-ii
8698-aces-go-places-5
8702-jakq-dengekitai-the-movie
8705-three-wishes
8713-xiao-jus-autumn
8734-tiger-cubs-season-2
8741-mr-right-wanted
8757-golden-chicken-3
8801-mr-and-mrs-gambler
8812-dark-system---koi-no-ouza-ketteisen
8860-kyuukyuu-sentai-gogofive-sudden-shock-a-new-warrior
8872-tokusou-robo-janperson
8880-ninjani-calling-on-fight-towards-the-future
8895-drama-special-season-2-ji-hoons-born-in-1982
8899-drama-special-season-5-first-birthday
8903-drama-special-season-2-lethal-move
8939-mr-vampire
8943-mr-vampire-2
8946-mr-vampire-3
9001-white-nights-398
9020-cat-vs-rat
9037-puzzle
9039-i-love-you
9077-two-in-the-shadow
9107-the-blood-brothers
9111-dr-wai-in-the-scriptures-with-no-words
9123-team-batista-season-4-raden-meikyu
9152-our-paradise-season-2
9176-triangle
9179-heisei-rider-vs-showa-rider-kamen-rider-taisen-feat-super-sentai
9180-flying-swords-of-dragon-gate
9181-pandora---eien-no-inochi
9195-life-of-never-end-co-ltd
9202-fatal-needles-vs-fatal-fists
9218-the-brave-archer-and-his-mate
9227-supermarket-woman
9253-smoking-gun---ketteiteki-shoko
9271-boys-over-flowers-f4-after-story
9275-drama-special-season-5-curry
9306-itazura-na-kiss-love-in-tokyo-season-2
9441-tattoo
9465-drama-special-season-5-the-dirge-singer
9466-woman-gang
9489-fireworks
9502-keiji-110-kilo-season-2
9505-tokubou---keisatsuchou-tokushu-bouhan-ka
9506-maruho-no-onna---houken-hanzai-chousain
9515-double-happiness
9526-drama-special-season-3-like-a-miracle
9544-s-saigo-no-keikan---dakkan-recovery-of-our-future
9547-ghostly-vixen
9572-joiuchi-hairyou-tsuma-shimatsu
9582-shark-season-2
9586-endless-love
9592-drama-special-season-5-playing-games
9596-love-stories-from-fukuoka-6
9597-the-kung-fu-master
9623-zyuden-sentai-kyoryuger-vs-go-busters-dinosaur-great-battle-farewell-eternal-friends
9633-like-the-flowing-river
9649-drama-special-season-5-im-dying-soon
9651-drama-special-season-5-monster
9653-drama-special-season-5-middle-school-student-a
9670-drama-special-season-5-that-kind-of-love
9687-the-house-that-never-dies-1
9697-mr-butterfly
9703-kanojo-wa-uso-wo-aishisugiteru---sidestory
9729-dr-akagi
9765-jiang-hu---the-triad-zone
9816-although-is-hateful-again
9841-tawipob
9842-rak-mai-mee-wantai
9850-trot-lovers
9854-torranee-ni-nee-krai-krong
9867-jamloei-rak
9883-first-kiss
9889-hello-stranger
9930-3-am-3d
9962-ja-ae-koey-laew-ja
9971-painted-skin-season-2-hua-pi
9974-buppah-rahtree-32
10012-sud-sai-pan
10018-hitotsu-yane-no-shita-2
10020-khun-chai-tharathorn
10022-poo-yai-lee-gub-nang-ma
10031-3-am-3d-part-2
10062-khun-chai-phutthiphat
10065-khun-chai-ratchanon
10066-dung-duang-haruetai
10072-ban-sai-thong
10093-ugly-wu-di-season-2
10096-nong-mia
10098-sunset-at-chaophraya
10113-the-nightingale
10127-wedding-bible
10152-mia-jum-pen
10172-ngao-asoke
10189-bangkok-kung-fu
10191-viva-freedom
10227-tang-parn-kammathep
10284-club-friday-season-2
10292-wu-dang
10316-koo-gum
10322-drama-special-season-5-bomis-room
10345-drama-special-season-5-youth
10346-me-myself
10351-mama
10352-possessed
10359-hi-school---love-on
10368-happy-birthday
10383-aku-no-kyoten-josho
10389-sweet-dream---the-death-lullaby
10391-wet-dreams---girl-from-the-dreams
10398-tsuma-wa-kunoichi-season-2---saishusho
10410-perfect-education-3
10412-perfect-education-5-amazing-story
10421-detective-k-2-secret-of-the-lost-island
10422-kyojuu-tokusou-juspion
10440-drama-special-season-5-illegal-parking
10446-secret-love
10448-bungo---nihon-bungaku-cinema
10449-state-of-divinity
10450-home-of-a-hundred-stars
10544-journey-to-the-west
10550-mother
10553-inochi-no-call-mrs-inga-wo-shitte-imasu-ka
10566-denji-sentai-megaranger-vs-carranger-super-video
10567-someday
10591-what-we-can-learn-when-we-look-at-how-we-eat
10605-badifaito-presents-warudopuroresuringu-3-d-dai-8-dan-1-4-tokyo-domu-2014
10610-dousousei---hito-wa-sando-koi-wo-suru
10612-salmon
10616-scent-of-a-man
10619-misaeng-incomplete-life
10629-again
10652-seijuu-sentai-gingaman-vs-megaranger-super-video
10661-hormones-season-2
10662-clover
10682-keishichou-sousa-ikka-9-gakari-sp
10691-veteran-1
10695-wu-cheng-en-and-the-journey-to-the-west
10724-single-childs-mother-in-law
10733-neko-zamurai-1
10752-st-johns-wort
10754-plerng-see-roong
10761-who-are-you
10765-the-victim
10768-countdown
10773-spell-of-the-fragrance
10792-bring-happiness-home
10795-luead-mungkorn-suea
10796-luead-mungkorn-singh
10798-luead-mungkorn-raed
10799-luead-mungkorn-hong
10804-all-quiet-in-peking
10817-janus-two-faces-of-desire
10829-our-family
10835-the-next-generation--patlabor--dai-2-sho
10847-fuyo-no-hito---fujisancho-no-tsuma
10871-change
10880-jiken-kyumeii-2---imat-no-kiseki
10902-naniwa-financial-road
10907-18---eighteen-noir
10913-picnic
10914-ressha-sentai-toqger-the-movie---galaxy-line-sos
10946-st-aka-to-shiro-no-sousa-file-the-movie
10966-hormones-season-2-special-series-introduction
11011-kodoku-no-gurume-season-4---business-trip-in-hakata
11029-shinjuku-swan
11056-tokusou-sentai-dekaranger-super-video-super-special-technique-showdown-dekared-vs-dekabreak
11061-salut-damour
11094-stop-the-bitch-campaign
11102-the-left-ear
11103-eien-no-zero
11107-doctor-x-season-3
11115-sakura---jiken-wo-kiku-onna
11122-legend-of-mi-yue
11133-liar-game
11137-sukeban-deka-season-2-shojo-tekkamen-densetsu
11153-mobile-detective-the-movie-2
11154-mobile-detective-the-movie
11157-dasepo-naughty-girls
11173-locking-us-envoy
11180-kidam-legend-2---gooseflesh
11186-maya-see-mook
11196-first-love
11198-club-friday-season-4
11212-paper-marriage
11236-the-shaw-eleven-lang
11238-onna-ukeoinin---shikakerareta-onna-no-wana--
11248-blind-beast
11252-detective-dee-season-5
11280-a-moment-of-romance-1
11282-longmen-express-season-2
11320-tatta-ichido-no-yakusoku---jidai-ni-fuuinsareta-nihonjin
11326-god-of-bath
11338-drama-special-season-5-the-three-female-runaways
11446-akira-no2
11458-drama-special-season-3-my-wife-natrees-first-love
11534-kindaichi-kosuke-vs-akechi-kogoro-futatabi
11550-drama-special-season-5-suspicious-ward-no-7
11552-drama-special-season-5-the-tale-of-the-bookworm
11570-greanhouse
11578-acri---the-legend-of-homo-aquarellius
11592-hormones-season-2-special-behind-the-scene
11648-the-jingbirok-a-memoir-of-imjin-war
11654-ploy-lom-phet
11656-the-golden-age
11678-misaeng-prequel
11692-scent-of-love
11728-708090---shenzhen-love-story
11732-late-spring
11754-unfair-the-special---daburu-miningu-yes-or-no
11758-love-frequency-372
11768-oh-my-god
11778-dr-nurse-aid
11782-the-land-of-rain-trees
11800-thunder-store
11804-oh-my-god-season-2
11830-drama-special-season-5-the-last-puzzle
11838-sos-please-help-me
11842-splendid-politics
11872-room-alone
11876-drama-special-season-5-the-girl-who-became-a-photo
11958-drama-special-season-5-vengeful-spirit
11962-after-school-lucky-or-not-season-2
11990-kaze-no-toge---ginkan-no-fu
12004-sound-of-the-mountain
12032-life-is-beautiful
12036-persevere-goo-hae-ra
12062-drama-special-season-5-the-reason-i-get-drunk
12122-drama-special-season-5-i-introduce-my-father
12148-hometown-over-the-hill-season-2
12158-ghost-writer
12160-i-finethank-youlove-you
12170-doctors-saikyou-no-meii-season-3
12172-doctors-saikyou-no-meii-new-year-special
12212-pandora
12216-the-accidental-detective-1
12246-the-moon-is-the-suns-dream
12262-himitsu
12276-battle-of-angels
12278-drama-special-season-5-repulsive-love
12280-drama-special-season-5-bride-in-sneakers
12292-cafe-waiting-love
12312-ressha-sentai-toqger-vs-kyoryuger-the-movie
12358-the-boy-with-dead-eyes
12372-kamen-rider-drive-secret-mission---type-zero
12388-the-age-of-blood
12390-spy
12414-yo-nimo-kimyou-na-monogatari-2006-spring-special
12424-longing-for-spring
12444-mr-right
12460-the-king-and-the-queen
12468-date---koi-to-wa-donna-mono-kashira
12471-ming-dynasty-in-1566
12507-golbaengi
12557-the-legend-of-crazy-monk
12567-slight-fever-of-100c---island-breeze-of-love
12571-kamen-rider-drive-secret-mission---type-tv-kun
12607-mr-six
12657-sweet-home
12691-the-adventure-of-mrs-park
12711-children-in-heaven
12801-the-new-world
12805-oedo-sosamo---onmitsu-doshin-aku-o-kiru
12809-naniwa-kinyudo---shin-naniwa-kinyudo
12831-the-elegant-life-of-mr-everyman
12861-lin-shing-kuet
12875-king-naresuan-2-reclaiming-sovereignty
12879-king-naresuan-4-the-nanda-bayin-war
12881-king-naresuan-5-elephant-battle
12889-kami-wa-saikoro-wo-furanai
12909-deep-in-the-heart
12911-meeting-dr-sun
12957-the-return-of-shim-cheong
12983-naze-todoin-seiya-16-sai-wa-kanojo-dekinai-no-ka
13009-goodbye-mr-cool
13095-mr-condom
13253-love-sick-season-2
13282-algernon-ni-hanataba-wo
13287-stay
13292-new-jin-ping-mei
13306-namphueng-khom
13316-tag
13321-ai-to-iu-na-no-moto-ni
13364-jouryuu-kaikyuu---fukumaru-hyakkaten-gaishoubu
13375-heartbreak-hotel
13380-lieutenant-opas-season-2
13420-waen-sawat
13453-toei-tv-hero-encyclopedia-vol-2-choujin-sentai-jetman
13569-ruk-nee-jhe-jud-hai
13595-in-the-line-of-duty-3-force-of-the-dragon
13599-in-the-line-of-duty-7-sea-wolves
13739-drama-special-season-6-the-wind-blows-to-the-hope
13760-senior-and-her
13825-dr-bong
13831-garo-gold-storm-sho
13916-the-cinderella
14008-secret-society-of-men---friends
14028-dinner-mate
14031-red-peony-gambler-1
14055-you-are-the-moon-and-im-the-sun
14067-drama-special-season-6-hair-transplant-day
14078-brutal-tales-of-chivalry-1
14088-kamen-rider-drive-secret-mission---type-high-speed
14091-flirty-boy-and-girl
14110-teng-nong-jee-won-bin
14111-mai-ka-mum
14116-drama-special-season-5-the-end-of-that-summer
14117-saphai-sailap
14147-the-investiture-of-the-gods-season-2
14148-love-of-eve
14154-engimono-katte-ni-nostalgia
14183-lord-1
14198-some-journey---a-citizen-created-musical
14257-womens-house
14320-dokgo-rewind
14322-future-mr-right
14346-the-top-secret-murder-in-mind
14358-ps-genki-desu-shunpei
14369-mission-kidnap-the-top-star
14435-mrs-cop
14466-jamluey-gamathep
14477-pom-rak-roi-adit
14512-strange-stories-from-liao-zhai-season-4
14532-napoleon-no-mura
14558-minami-kun-no-koibito---my-little-lover
14600-les-interpretes
14629-karm-wayla-ha-ruk
14652-bad-man
14668-neko-zamurai-season-2
14678-mr-charming
14683-look-out-officer
14686-mr-sunshine
14718-the-x-family-2
14727-375c-no-namida
14734-luksao-phomot
14740-malee-rerng-rabam
14764-hoiku-tantei-25-ji---hanasaki-shinichiro-wa-nemurenai
14781-mobile-girlfriend
14801-dao-puen-din
14807-kamen-rider-vs-shocker
14808-kamen-rider-vs-ambassador-hell
14818-manee-din
14836-tawan-tat-burapha
14837-tawan-tat-burapha
14877-womens-heart
14882-trick-or-treat
14918-por-pla-lai
14920-wiwa-salub-rak
14921-mia-taeng
14924-rak-prakasit
14930-chihayafuru-2-shimo-no-ku
14946-yo-nimo-kimyou-na-monogatari-2014-fall-special
14992-moo-daeng
15005-kamoshirenai-joyutachi
15012-a-ball-at-the-anjo-house
15015-come-home-love-season-2
15021-mu-gui-ying-takes-command
15022-ipartment-season-2
15028-ipartment-season-3
15029-ipartment-15
15034-city-of-light-the-oc-thailand
15071-kirisaki-jack-no-kokuhaku---keiji-inukai-hayato
15076-eclipse
15094-the-princess-and-the-matchmaker
15101-mr-x-and-i
15106-antigone
15120-webtoon-hero---tundra-show
15127-drama-special-season-6-live-shock
15131-the-crossing-2
15161-the-ace
15195-prasard-mued
15196-duang-ta-sawan
15228-jad-rak-wiwa-luang
15236-mr-bodyguard
15240-lets-go-to-rose-motel-2---thirst
15268-luk-ni-thi-rak
15271-lets-go-to-rose-motel-3---wandering
15282-the-peaceful-island
15284-lueam-salap-lai
15286-miracle-of-love-over-the-horizon
15325-shitamachi-rocket
15331-chaat-payak
15344-mr-maxman
15368-journey-to-the-west-2-the-demons-strike-back
15377-drama-special-season-6-in-search-of-argenta
15412-jk-wa-yuki-onna
15433-spl-2-a-time-for-consequences
15445-date---2015-natsu-hito
15472-the-romance-affair
15489-samee-tee-tra
15536-joseon-scandal---the-seven-valid-causes-for-divorce
15551-torranee-ni-nee-krai-krong
15570-delicious-love-formula---sex
15591-breed---her-inside-me
15602-stars-in-the-deep
15605-unfair-the-special---daburu-miningu-rensa
15607-keisei-saimin-no-otoko---matsunaga-yasuzaemon
15621-the-vampire-lives-next-door-to-us
15624-yellow-hair---plastic-sex
15626-the-girl-princes
15631-super-fish---an-endless-adventure
15644-pa-private-actress
15653-yong-pal-in-la
15666-confidential-assignment-1
15705-detective-tokunosuke-jinbo-2
15708-garo-gold-storm-sho
15712-haretsu
15715-devil-lover
15727-tasty-trap---affair
15733-hormonesn-season-3-special-series-introduction
15741-isan-souzoku
15760-phukong-yod-rak
15761-torfun-and-mawin
15784-the-katsuragi-murder-case
15818-my-dad-and-mr-ito
15833-oyari-haishaku---yoidore-kotoji-tomegaki
15838-the-last-women-standing
15840-detective-alice
15842-joseon-scandal---the-seven-valid-causes-for-divorce-2
15875-the-three-body-problem-i
15882-the-mystery-of-emperor-qianlong
15893-mr-x-and-i-season-2
15903-super-cinderella
15904-victory-for-tomorrow
15949-the-flower-in-prison
15956-kazoku-no-katachi
15970-brothers-keeper-season-2
15981-kaitou-yamaneko
15991-love-express
15992-chinese-paladin-season-5
16017-killing-curriculum-jinroh-shokei-game---prologue
16020-a-bride-for-rip-van-winkle
16033-drama-special-season-6-contract-man
16051-emi-abi
16059-ms-koizumi-loves-ramen-noodles-sp
16063-time-confinement
16064-goodbye-mr-loser
16078-shuriken-sentai-ninninger-vs-toqger-the-movie-ninjas-in-wonderland
16080-botchan
16088-chasing
16105-twisted-justice
16115-broker
16120-9-seconds-eternal-time
16126-drama-special-season-6-trains-dont-stop-at-noryangjin-station
16129-chinyuuki
16140-mars---tada-kimi-wo-aishiteru
16165-it-will-be-breakfast-at-tiffanys-some-day-season-2
16166-shizumanu-taiyo
16170-jao-ban-jao-ruean
16187-saving-mr-wu
16189-drama-special-season-6-secret
16211-jade-lovers
16224-along-with-the-gods-the-two-worlds
16238-kodoku-no-gurume---business-trip-in-asahikawa
16245-hakuouki-ssl---sweet-school-life---the-movie
16281-a-happy-life-season-2
16303-club-friday
16325-my-tomorrow-your-yesterday
16357-the-battleship-island
16369-kiss
16379-my-lawyer-mr-jo
16387-hips-dont-lie
16437-u-prince-the-handsome-cowboy
16451-u-prince-the-playful-comm-arts
16453-u-prince-the-extroverted-humanist
16457-u-prince-the-absolute-economist
16461-u-prince-the-single-lawyer
16463-u-prince-the-gentle-vet
16465-u-prince-the-crazy-artist
16467-u-prince-the-foxy-pilot
16469-u-prince-the-ambitious-boss
16489-balala-the-fairies
16491-balala-the-fairies-the-mystery-note
16509-webtoon-hero---tundra-show-season-2
16511-mr-right
16531-yo-nimo-kimyou-na-monogatari-2015-fall-special---masterpiece-revival
16533-yo-nimo-kimyou-na-monogatari-2015-fall-special---movie-director
16541-saeng-dao-klang-jai
16551-hello-mr-right
16567-gangster
16595-drama-special-season-2-terminal
16599-drama-special-season-2-the-7th-day
16601-drama-special-season-2-our-happy-days
16603-drama-special-season-3-art
16605-drama-special-season-3-business-district
16607-drama-special-season-3-return-home
16609-drama-special-season-3-a-corner
16617-drama-special-season-3-daddys-coming
16619-drama-special-season-3-spoonbill-flies
16621-drama-special-season-2-the-beeper
16625-drama-special-season-3-pandemonium
16647-part-time
16723-chain-rensa-jusatsu
16727-dr-koto-shinryojo-2004-special
16779-matsumoto-seicho-tokubetsu-kikaku-soshitsu-no-girei
16805-ps-girls
16823-meitantei-kyasarin---kieta-sozokunin
16841-the-dreamer-condobaristaarchitect
16881-kamen-rider-blade-blade-vs-blade
16883-candy-boys
16895-999-keiji-senmon-bengoshi
16911-mr-tsubakiyamas-seven-days
16923-17-sai---at-seventeen--
16927-highlow-the-story-of-sword-season-2
16933-mr-high-heels
16983-i-am-reiko-shiratori-the-movie
16989-what-a-man-wants
17011-a-time-of-love-season-2
17205-yo-nimo-kimyou-na-monogatari-2011-fall-special
17279-fullmetal-alchemist-1
17339-ultraman-ginga-s-the-movie-showdown-the-10-ultra-warriors
17353-girls-love-1
17357-the-shining-days
17391-finding-mr-right-2-book-of-love
17420-views-of-love-fog-with-pink-dew
18450-views-of-love-auto-focused-love
18451-views-of-love-grey-rainbow
18478-detective-dee
18480-bells-ring
18484-yes-mr-fashion
18491-malee
18511-mon-rak-asoon
18515-the-sleeping-beauty---the-sisters
18517-hope---kitai-zero-no-shinnyu-shain
18604-me-and-mr-x-season-3-goodbye-mr-x
18632-book-and-sword-gratitude-and-revenge
18640-a-moment-of-romance-2
18642-a-moment-of-romance-3
18646-the-legend-of-hero-alain
18666-xi-dian-yuan-yang
18670-saviour-of-the-soul-1
18674-saviour-of-the-soul-2
18698-personal-assistant-of-female-president
18740-a-flower-aflame
18750-dear-lena
18752-from-vegas-to-macau-3
18760-girls-love-2
18762-summer-with-mika
18772-terra-formars---aratanaru-kibou
18782-turn-around
18794-kamen-rider-kuuga-super-secret-video-kamen-rider-kuuga-vs-the-strong-monster-go-jiino-da
18802-ghost-boyfriend-1
18838-the-cravings---temple-stay
18844-love-say-hey
18856-my-wife
18866-yandai-byway-no10
18880-fifth-column
18920-investiture-of-the-gods
18930-legend-of-heavenly-tear-phoenix-warriors
18932-savage-heat
18956-ice-world
18976-womens-special-investigation-unit-frontline
18992-mumon-the-land-of-stealth
19064-five-riders-vs-king-dark
19150-our-gap-soon
19158-the-single-mom
19248-mr-delicious-miss-match
19298-yo-nimo-kimyou-na-monogatari-2016-spring-special
19488-fatal-destiny
19510-dr-romantic
19624-all-night-long-3
19734-kyofu-no-omochikaeri---horror-eiga-kantoku-no-shinrei-jitsuwa-kaidan
19884-the-ringside-story
19964-suishou-no-kodou
19998-antiporno
20004-super-horrifying-story
20024-the-right-man---because-i-love-you
20044-the-last-message---rinjo-gekijoban
20046-mr-mumble
20054-mr-bodyguard-season-3
20066-a-special-lady
20090-a-splendid-life-in-beijing
20186-nong-mai-rai-borisut
20190-akb-love-night---love-factory
20282-wu-xin-the-monster-killer-season-2
20320-shinya-shokudo---tokyo-stories
20326-the-ex-man
20328-lost-me-too-season-2
20350-drama-special-season-7-twenty-dollars-to-pyeongyang
20362-my-brother-loves-me-too-much
20372-mr-bodyguard-season-4
20406-akb-horror-night---adrenaline-no-yoru
20414-gekijorei-kara-no-shotaijo
20430-battle-school
20436-chong-xin-mei-lai-guo
20444-coup-de-grace
20458-castle-in-the-time
20462-pitsawat
20468-hissatsu-shigotonin-2016-special
20494-the-ice-ruts
20502-my-bromance
20518-drama-city-oh-sarah
20524-drama-special-season-7-disqualify-laughter
20526-drama-special-season-7-explicit-innocence
20546-doctor-y---gekai-kaji-hideki
20558-the-uninvited---a-welcome-guest
20574-lets-go-jets-from-small-town-girls-to-us-champions
20606-peen-pha-kwa-love
20658-mr-thank-you
20704-yo-nimo-kimyou-na-monogatari-2016-fall-special
20730-star-of-david-beauty-hunting
20742-keep-running-zombie-soldier
20768-11th-day-and-one-night
20810-nuts
20848-ah-wilderness-1
20854-proud-of-love-season-2
20952-the-legend-of-ba-qing
21042-vanquisher
21062-seirei-no-moribito-season-2
21092-sure-death-4-revenge
21100-lost-in-1949
21118-always-springtime
21122-silhouette-of-your-voice
21252-black-angel-vol-2
21268-justice-bao-arbiter-of-kaifeng-mystery
21278-mr-donkey
21286-not-as-reticent-cicada
21294-memoirs-of-a-murderer
21364-kamen-rider-heisei-generations-dr-pac-man-vs-ex-aid-ghost-with-legend-rider
21374-heres-to-the-young-lady
21388-impossibility-defense
21421-brothers-in-heaven
21461-oh-my-ghost-3
21475-the-legend-of-dugu
21481-life-and-death-in-96-hours
21495-realm-of-the-tiger
21497-yakuza-ladies
21535-heart-loss---niji-ni-furetai-onnatachi
21536-my-amazing-boyfriend-season-2
21540-kard-chuek
21549-the-city-of-betrayal
21562-the-diary-about-ayames-easygoing-and-aggressive-days
21563-chihayafuru-3-musubi
21577-notebook-from-my-mother
21585-gi-samurai
21606-the-brothers---the-drifting-singer-in-beijing
21615-bad-guys-city-of-evil
21617-noble-aspirations-season-2
21630-the-weasel-grave
21668-king-naresuan-6-the-end-of-hong-sa
21692-gang-preed
21696-my-lawyer-mr-jo-2-crime-and-punishment
21698-bourei-gakkyu
21714-bonokanashimi
21722-memory-lost-season-2
21723-memory-lost-season-3
21727-unusual-men-and-women
21730-sword-of-legends-season-2
21738-bound-by-chastity-rule
21740-jimi-ni-sugoi-kouetsu-girl-kouno-etsukoga-inai-suiyoubi
21747-duang-jai-pisuth
21762-cib-files
21767-the-miracles-of-the-namiya-general-store
21806-nobushi-no-gourmet
21813-tender-heart
21817-ai-love-you
21828-wake-up-2-never-give-up
21860-the-facetale-cinderia
21874-shukatsu-kazoku---kitto-umaku-iku
21879-fuben-na-benriya-2016-first-snow
21892-mr-hurt
21898-bangkok-bachelors
21899-personal-assistant-of-female-president-2
21901-demon-girl-season-2
21905-sut-rak-chunlamun
21909-speed
21920-the-flames-daughter
21930-princess-of-lanling-king-special---yong-suo-version
21931-choukou-senshi-changerion
21932-wet-woman-in-the-wind
21952-gem-g-force
21959-the-post-office-of-love
21962-youre-too-much
21965-tokyo-sentimental-sp---senju-no-koi
21969-the-haunted-graduation-photo-1
21972-the-three-body-problem-ii
22007-shock-wave-1
22008-chasing-the-dragon-1
22009-the-fearless-vampire-killers
22010-the-war-between-huang-di-and-chi-you
22011-election-3
22031-game-breaker-unawakened-city
22044-the-legend-of-the-blue-sea---the-legend-continues
22053-the-comeback
22057-mongyudowondo
22068-intern-detective-oh-gyeon-sik
22078-tora-san-5-runaway
22083-frozen-love
22116-nakajima-miyuki-concert-one-party-2015---2016-the-movie-version
22130-the-association
22169-diary-of-tootsies-season-2
22178-kuro-no-shou---bengoshi-shirai-shinnosuke-no-daisainan
22215-secret-crushes-season-2
22317-superstar-ordinary-people
22352-shiratori-reiko-de-gozaimasu
22361-2-moons
22491-mr-no-problem
22544-renai-hensachi---kanojo-no-kiraina-kanojo
22561-lingering-memories
22616-salaryman-jikkai
22661-the-black
22688-med-in-love
22740-infernal-affairs-season-2
